  INITIAL WATER NUMBER:    1
  TIME t = 0
  SPECIATION TEMPERATURE (C):    193.500    PRESSURE (bar):    344.200
  CHEM.ITERATIONS:    11
  IONIC STRENGTH:  0.2219E-05          STOIC. IONIC STRENGTH:  0.5000E-07

                                                                                                                                                 input
      species              molality         gamma    log activ.  tot.aqueous  tot.aqueous  tot.solid    tot.gas      tot.sorbed   aq.kinetics  tot.system  tot.balance  aq.balance
                         (water in kg) (H2O activity)              molality      moles       moles       moles          moles        moles        moles
     ------------------------------------------------------------------------------------------------------------------------------------------------------------------------------
   1 h2o                  0.10000E+01    0.10000E+01    -0.000   0.55509E+02  0.55509E+02  0.00000E+00  0.00000E+00  0.00000E+00  0.69530-309  0.55509E+02  0.13003E-11 -0.66080E-12
   2 h+                   0.22695E-05    0.99730E+00    -5.645   0.99999E-07  0.99999E-07  0.00000E+00  0.00000E+00  0.00000E+00  0.46691-309  0.10000E-06 -0.13054E-11  0.66739E-12
   3 tracer               0.10000E-09    0.10000E+01   -10.000   0.10000E-09  0.10000E-09  0.00000E+00  0.00000E+00  0.00000E+00  0.24209-321  0.10000E-09 -0.30495E-20  0.30483E-20
   4 oh-                  0.21695E-05    0.99730E+00    -5.665

     Solution charge imbalance = 0.1000E-06 equiv  (0.2253E+01%)



  BOUNDARY WATER NUMBER:    1
  TIME t = 0
  SPECIATION TEMPERATURE (C):     80.000    PRESSURE (bar):    344.200
  CHEM.ITERATIONS:     8
  IONIC STRENGTH:  0.4992E-06          STOIC. IONIC STRENGTH:  0.5000E-07

                                                                                                                                                 input
      species              molality         gamma    log activ.  tot.aqueous  tot.aqueous  tot.solid    tot.gas      tot.sorbed   aq.kinetics  tot.system  tot.balance  aq.balance
                         (water in kg) (H2O activity)              molality      moles       moles       moles          moles        moles        moles
     ------------------------------------------------------------------------------------------------------------------------------------------------------------------------------
   1 h2o                  0.10000E+01    0.10000E+01    -0.000   0.55509E+02  0.55509E+02  0.00000E+00  0.00000E+00  0.00000E+00  0.69530-309  0.55509E+02 -0.69530-309 -0.71054E-14
   2 h+                   0.54917E-06    0.99907E+00    -6.261   0.10000E-06  0.10000E-06  0.00000E+00  0.00000E+00  0.00000E+00  0.46691-309  0.10000E-06 -0.58860E-15  0.32378E-15
   3 tracer               0.10000E-09    0.10000E+01   -10.000   0.10000E-09  0.10000E-09  0.00000E+00  0.00000E+00  0.00000E+00  0.24209-321  0.10000E-09 -0.12304E-22  0.12304E-22
   4 oh-                  0.44917E-06    0.99907E+00    -6.348

     Solution charge imbalance = 0.1000E-06 equiv  (0.1002E+02%)



