  ---> start reading solute.inp
 'Aqueous transport with Kd and decay'                                             

 ****** Writing solute transport input ******


 Options for controlling chemical calculations:
 *******************************************
  Using sequential non-iterative approach
 Initializing boundary & recharge input solution
 Iterative solver - See Tough2 V2 Manual
 Default 2 Iterations: DH and Chemical Solver
 Number of gaseous species for transport=  0
 Not print chemical speciation results at each grid block and each time step
 Monitor porosity and permeability changes but do not affect fluid flow
  CO2 and H2O reaction sources are not considered in the flow simulation (only for EOS2 or ECO2 module)
 Calculate derivatives of mineral kinetic rates by analytical method

 Constraints for chemistry solver:
 *********************************
 Minimum liquid saturation = 0.1000E-03
 No Courant number limitation on transport time steps
 Maximum stoichiometric ionic strength = 0.4000E+01
 Iteration info:iter.dat            

 Time/space weighting factors and diffusion coefficients':
 *******************************************************
    WTIME     WUPC    DIFUN     DIFUNG
      1.00      1.00 0.100E-08 0.000E+00

 Convergence tolerance data:
 ***********************
 Maximum iterations for solving transport =    1
 Relative tolerance for solving transport = 0.100E-03
 Maximum iterations for whole chemical system =  300
 Relative tolerance' for whole chemical system = 0.100E-04
 (absolute mass action tolerance set at min. 1.E-6)
 Rel. con. change tolerance for steady-state = 0.000E+00
 Maximum iterations for solving adsorption =   30
 Relative tolerance for solving adsorption = 0.100E-05

 Printout/output control flags:
 *********************
 Writing frequency in time =    1
 Number of nodes to output in time file =    1
 Number of primary species (total amounts) to output time/plot files =    1
 ICONFLAG(0=mol/kg H2O,1=mol/L,2=g/L,3=mg/L(ppm))=    1
 MINFLAG(0=change in mol/m3, 1=change in volume fraction, 2=current volume fraction, 3=change in volume%)=    1

 Input and output file names:
 ***************************
 Thermo. database:TherAkin10.dat      
 Plot aqueous:kdd_conc.dat        
 Plot time series:kdd_tim.dat         

 Elements for which to output time series:
 00246
 Aqueous components for which to output data: 
    3

 Default values for chemical zones:

             IZIW IZBW IZMI IZGS IZAD IZEX IZPP IZKD
             ---- ---- ---- ---- ---- ---- ---- ----
                1    1    1    1    1    1    1    1

 Data for chemical zones:

   ELEM INDX IZIW IZBW IZMI IZGS IZAD IZEX IZPP IZKD
   ---- ---- ---- ---- ---- ---- ---- ---- ---- ----
  000 1    1    1    1    1    1    1    1    1    1
  000 2    2    1    1    1    1    1    1    1    1
  000 3    3    1    1    1    1    1    1    1    1
  000 4    4    1    1    1    1    1    1    1    1
  000 5    5    1    1    1    1    1    1    1    1
  000 6    6    1    1    1    1    1    1    1    1
  000 7    7    1    1    1    1    1    1    1    1
  000 8    8    1    1    1    1    1    1    1    1
  000 9    9    1    1    1    1    1    1    1    1
  00010   10    1    1    1    1    1    1    1    1
  00011   11    1    1    1    1    1    1    1    1
  00012   12    1    1    1    1    1    1    1    1
  00013   13    1    1    1    1    1    1    1    1
  00014   14    1    1    1    1    1    1    1    1
  00015   15    1    1    1    1    1    1    1    1
  00016   16    1    1    1    1    1    1    1    1
  00017   17    1    1    1    1    1    1    1    1
  00018   18    1    1    1    1    1    1    1    1
  00019   19    1    1    1    1    1    1    1    1
  00020   20    1    1    1    1    1    1    1    1
  00021   21    1    1    1    1    1    1    1    1
  00022   22    1    1    1    1    1    1    1    1
  00023   23    1    1    1    1    1    1    1    1
  00024   24    1    1    1    1    1    1    1    1
  00025   25    1    1    1    1    1    1    1    1
  00026   26    1    1    1    1    1    1    1    1
  00027   27    1    1    1    1    1    1    1    1
  00028   28    1    1    1    1    1    1    1    1
  00029   29    1    1    1    1    1    1    1    1
  00030   30    1    1    1    1    1    1    1    1
  00031   31    1    1    1    1    1    1    1    1
  00032   32    1    1    1    1    1    1    1    1
  00033   33    1    1    1    1    1    1    1    1
  00034   34    1    1    1    1    1    1    1    1
  00035   35    1    1    1    1    1    1    1    1
  00036   36    1    1    1    1    1    1    1    1
  00037   37    1    1    1    1    1    1    1    1
  00038   38    1    1    1    1    1    1    1    1
  00039   39    1    1    1    1    1    1    1    1
  00040   40    1    1    1    1    1    1    1    1
  00041   41    1    1    1    1    1    1    1    1
  00042   42    1    1    1    1    1    1    1    1
  00043   43    1    1    1    1    1    1    1    1
  00044   44    1    1    1    1    1    1    1    1
  00045   45    1    1    1    1    1    1    1    1
  00046   46    1    1    1    1    1    1    1    1
  00047   47    1    1    1    1    1    1    1    1
  00048   48    1    1    1    1    1    1    1    1
  00049   49    1    1    1    1    1    1    1    1
  00050   50    1    1    1    1    1    1    1    1
  00051   51    1    1    1    1    1    1    1    1
  00052   52    1    1    1    1    1    1    1    1
  00053   53    1    1    1    1    1    1    1    1
  00054   54    1    1    1    1    1    1    1    1
  00055   55    1    1    1    1    1    1    1    1
  00056   56    1    1    1    1    1    1    1    1
  00057   57    1    1    1    1    1    1    1    1
  00058   58    1    1    1    1    1    1    1    1
  00059   59    1    1    1    1    1    1    1    1
  00060   60    1    1    1    1    1    1    1    1
  00061   61    1    1    1    1    1    1    1    1
  00062   62    1    1    1    1    1    1    1    1
  00063   63    1    1    1    1    1    1    1    1
  00064   64    1    1    1    1    1    1    1    1
  00065   65    1    1    1    1    1    1    1    1
  00066   66    1    1    1    1    1    1    1    1
  00067   67    1    1    1    1    1    1    1    1
  00068   68    1    1    1    1    1    1    1    1
  00069   69    1    1    1    1    1    1    1    1
  00070   70    1    1    1    1    1    1    1    1
  00071   71    1    1    1    1    1    1    1    1
  00072   72    1    1    1    1    1    1    1    1
  00073   73    1    1    1    1    1    1    1    1
  00074   74    1    1    1    1    1    1    1    1
  00075   75    1    1    1    1    1    1    1    1
  00076   76    1    1    1    1    1    1    1    1
  00077   77    1    1    1    1    1    1    1    1
  00078   78    1    1    1    1    1    1    1    1
  00079   79    1    1    1    1    1    1    1    1
  00080   80    1    1    1    1    1    1    1    1
  00081   81    1    1    1    1    1    1    1    1
  00082   82    1    1    1    1    1    1    1    1
  00083   83    1    1    1    1    1    1    1    1
  00084   84    1    1    1    1    1    1    1    1
  00085   85    1    1    1    1    1    1    1    1
  00086   86    1    1    1    1    1    1    1    1
  00087   87    1    1    1    1    1    1    1    1
  00088   88    1    1    1    1    1    1    1    1
  00089   89    1    1    1    1    1    1    1    1
  00090   90    1    1    1    1    1    1    1    1
  00091   91    1    1    1    1    1    1    1    1
  00092   92    1    1    1    1    1    1    1    1
  00093   93    1    1    1    1    1    1    1    1
  00094   94    1    1    1    1    1    1    1    1
  00095   95    1    1    1    1    1    1    1    1
  00096   96    1    1    1    1    1    1    1    1
  00097   97    1    1    1    1    1    1    1    1
  00098   98    1    1    1    1    1    1    1    1
  00099   99    1    1    1    1    1    1    1    1
  001 0  100    1    1    1    1    1    1    1    1
  001 1  101    1    1    1    1    1    1    1    1
  001 2  102    1    1    1    1    1    1    1    1
  001 3  103    1    1    1    1    1    1    1    1
  001 4  104    1    1    1    1    1    1    1    1
  001 5  105    1    1    1    1    1    1    1    1
  001 6  106    1    1    1    1    1    1    1    1
  001 7  107    1    1    1    1    1    1    1    1
  001 8  108    1    1    1    1    1    1    1    1
  001 9  109    1    1    1    1    1    1    1    1
  00110  110    1    1    1    1    1    1    1    1
  00111  111    1    1    1    1    1    1    1    1
  00112  112    1    1    1    1    1    1    1    1
  00113  113    1    1    1    1    1    1    1    1
  00114  114    1    1    1    1    1    1    1    1
  00115  115    1    1    1    1    1    1    1    1
  00116  116    1    1    1    1    1    1    1    1
  00117  117    1    1    1    1    1    1    1    1
  00118  118    1    1    1    1    1    1    1    1
  00119  119    1    1    1    1    1    1    1    1
  00120  120    1    1    1    1    1    1    1    1
  00121  121    1    1    1    1    1    1    1    1
  00122  122    1    1    1    1    1    1    1    1
  00123  123    1    1    1    1    1    1    1    1
  00124  124    1    1    1    1    1    1    1    1
  00125  125    1    1    1    1    1    1    1    1
  00126  126    1    1    1    1    1    1    1    1
  00127  127    1    1    1    1    1    1    1    1
  00128  128    1    1    1    1    1    1    1    1
  00129  129    1    1    1    1    1    1    1    1
  00130  130    1    1    1    1    1    1    1    1
  00131  131    1    1    1    1    1    1    1    1
  00132  132    1    1    1    1    1    1    1    1
  00133  133    1    1    1    1    1    1    1    1
  00134  134    1    1    1    1    1    1    1    1
  00135  135    1    1    1    1    1    1    1    1
  00136  136    1    1    1    1    1    1    1    1
  00137  137    1    1    1    1    1    1    1    1
  00138  138    1    1    1    1    1    1    1    1
  00139  139    1    1    1    1    1    1    1    1
  00140  140    1    1    1    1    1    1    1    1
  00141  141    1    1    1    1    1    1    1    1
  00142  142    1    1    1    1    1    1    1    1
  00143  143    1    1    1    1    1    1    1    1
  00144  144    1    1    1    1    1    1    1    1
  00145  145    1    1    1    1    1    1    1    1
  00146  146    1    1    1    1    1    1    1    1
  00147  147    1    1    1    1    1    1    1    1
  00148  148    1    1    1    1    1    1    1    1
  00149  149    1    1    1    1    1    1    1    1
  00150  150    1    1    1    1    1    1    1    1
  00151  151    1    1    1    1    1    1    1    1
  00152  152    1    1    1    1    1    1    1    1
  00153  153    1    1    1    1    1    1    1    1
  00154  154    1    1    1    1    1    1    1    1
  00155  155    1    1    1    1    1    1    1    1
  00156  156    1    1    1    1    1    1    1    1
  00157  157    1    1    1    1    1    1    1    1
  00158  158    1    1    1    1    1    1    1    1
  00159  159    1    1    1    1    1    1    1    1
  00160  160    1    1    1    1    1    1    1    1
  00161  161    1    1    1    1    1    1    1    1
  00162  162    1    1    1    1    1    1    1    1
  00163  163    1    1    1    1    1    1    1    1
  00164  164    1    1    1    1    1    1    1    1
  00165  165    1    1    1    1    1    1    1    1
  00166  166    1    1    1    1    1    1    1    1
  00167  167    1    1    1    1    1    1    1    1
  00168  168    1    1    1    1    1    1    1    1
  00169  169    1    1    1    1    1    1    1    1
  00170  170    1    1    1    1    1    1    1    1
  00171  171    1    1    1    1    1    1    1    1
  00172  172    1    1    1    1    1    1    1    1
  00173  173    1    1    1    1    1    1    1    1
  00174  174    1    1    1    1    1    1    1    1
  00175  175    1    1    1    1    1    1    1    1
  00176  176    1    1    1    1    1    1    1    1
  00177  177    1    1    1    1    1    1    1    1
  00178  178    1    1    1    1    1    1    1    1
  00179  179    1    1    1    1    1    1    1    1
  00180  180    1    1    1    1    1    1    1    1
  00181  181    1    1    1    1    1    1    1    1
  00182  182    1    1    1    1    1    1    1    1
  00183  183    1    1    1    1    1    1    1    1
  00184  184    1    1    1    1    1    1    1    1
  00185  185    1    1    1    1    1    1    1    1
  00186  186    1    1    1    1    1    1    1    1
  00187  187    1    1    1    1    1    1    1    1
  00188  188    1    1    1    1    1    1    1    1
  00189  189    1    1    1    1    1    1    1    1
  00190  190    1    1    1    1    1    1    1    1
  00191  191    1    1    1    1    1    1    1    1
  00192  192    1    1    1    1    1    1    1    1
  00193  193    1    1    1    1    1    1    1    1
  00194  194    1    1    1    1    1    1    1    1
  00195  195    1    1    1    1    1    1    1    1
  00196  196    1    1    1    1    1    1    1    1
  00197  197    1    1    1    1    1    1    1    1
  00198  198    1    1    1    1    1    1    1    1
  00199  199    1    1    1    1    1    1    1    1
  002 0  200    1    1    1    1    1    1    1    1
  002 1  201    1    1    1    1    1    1    1    1
  002 2  202    1    1    1    1    1    1    1    1
  002 3  203    1    1    1    1    1    1    1    1
  002 4  204    1    1    1    1    1    1    1    1
  002 5  205    1    1    1    1    1    1    1    1
  002 6  206    1    1    1    1    1    1    1    1
  002 7  207    1    1    1    1    1    1    1    1
  002 8  208    1    1    1    1    1    1    1    1
  002 9  209    1    1    1    1    1    1    1    1
  00210  210    1    1    1    1    1    1    1    1
  00211  211    1    1    1    1    1    1    1    1
  00212  212    1    1    1    1    1    1    1    1
  00213  213    1    1    1    1    1    1    1    1
  00214  214    1    1    1    1    1    1    1    1
  00215  215    1    1    1    1    1    1    1    1
  00216  216    1    1    1    1    1    1    1    1
  00217  217    1    1    1    1    1    1    1    1
  00218  218    1    1    1    1    1    1    1    1
  00219  219    1    1    1    1    1    1    1    1
  00220  220    1    1    1    1    1    1    1    1
  00221  221    1    1    1    1    1    1    1    1
  00222  222    1    1    1    1    1    1    1    1
  00223  223    1    1    1    1    1    1    1    1
  00224  224    1    1    1    1    1    1    1    1
  00225  225    1    1    1    1    1    1    1    1
  00226  226    1    1    1    1    1    1    1    1
  00227  227    1    1    1    1    1    1    1    1
  00228  228    1    1    1    1    1    1    1    1
  00229  229    1    1    1    1    1    1    1    1
  00230  230    1    1    1    1    1    1    1    1
  00231  231    1    1    1    1    1    1    1    1
  00232  232    1    1    1    1    1    1    1    1
  00233  233    1    1    1    1    1    1    1    1
  00234  234    1    1    1    1    1    1    1    1
  00235  235    1    1    1    1    1    1    1    1
  00236  236    1    1    1    1    1    1    1    1
  00237  237    1    1    1    1    1    1    1    1
  00238  238    1    1    1    1    1    1    1    1
  00239  239    1    1    1    1    1    1    1    1
  00240  240    1    1    1    1    1    1    1    1
  00241  241    1    1    1    1    1    1    1    1
  00242  242    1    1    1    1    1    1    1    1
  00243  243    1    1    1    1    1    1    1    1
  00244  244    1    1    1    1    1    1    1    1
  00245  245    1    1    1    1    1    1    1    1
  00246  246    1    1    1    1    1    1    1    1
  00247  247    1    1    1    1    1    1    1    1
  00248  248    1    1    1    1    1    1    1    1
  00249  249    1    1    1    1    1    1    1    1
  00250  250    1    1    1    1    1    1    1    1
  00251  251    1    1    1    1    1    1    1    1
  00252  252    1    1    1    1    1    1    1    1
  00253  253    1    1    1    1    1    1    1    1
  00254  254    1    1    1    1    1    1    1    1
  00255  255    1    1    1    1    1    1    1    1
  00256  256    1    1    1    1    1    1    1    1
  00257  257    1    1    1    1    1    1    1    1
  00258  258    1    1    1    1    1    1    1    1
  00259  259    1    1    1    1    1    1    1    1
  00260  260    1    1    1    1    1    1    1    1
  00261  261    1    1    1    1    1    1    1    1
  00262  262    1    1    1    1    1    1    1    1
  00263  263    1    1    1    1    1    1    1    1
  00264  264    1    1    1    1    1    1    1    1
  00265  265    1    1    1    1    1    1    1    1
  00266  266    1    1    1    1    1    1    1    1
  00267  267    1    1    1    1    1    1    1    1
  00268  268    1    1    1    1    1    1    1    1
  00269  269    1    1    1    1    1    1    1    1
  00270  270    1    1    1    1    1    1    1    1
  00271  271    1    1    1    1    1    1    1    1
  00272  272    1    1    1    1    1    1    1    1
  00273  273    1    1    1    1    1    1    1    1
  00274  274    1    1    1    1    1    1    1    1
  00275  275    1    1    1    1    1    1    1    1
  00276  276    1    1    1    1    1    1    1    1
  00277  277    1    1    1    1    1    1    1    1
  00278  278    1    1    1    1    1    1    1    1
  00279  279    1    1    1    1    1    1    1    1
  00280  280    1    1    1    1    1    1    1    1
  00281  281    1    1    1    1    1    1    1    1
  00282  282    1    1    1    1    1    1    1    1
  00283  283    1    1    1    1    1    1    1    1
  00284  284    1    1    1    1    1    1    1    1
  00285  285    1    1    1    1    1    1    1    1
  00286  286    1    1    1    1    1    1    1    1
  00287  287    1    1    1    1    1    1    1    1
  00288  288    1    1    1    1    1    1    1    1
  00289  289    1    1    1    1    1    1    1    1
  00290  290    1    1    1    1    1    1    1    1
  00291  291    1    1    1    1    1    1    1    1
  00292  292    1    1    1    1    1    1    1    1
  00293  293    1    1    1    1    1    1    1    1
  00294  294    1    1    1    1    1    1    1    1
  00295  295    1    1    1    1    1    1    1    1
  00296  296    1    1    1    1    1    1    1    1
  00297  297    1    1    1    1    1    1    1    1
  00298  298    1    1    1    1    1    1    1    1
  00299  299    1    1    1    1    1    1    1    1
  003 0  300    1    1    1    1    1    1    1    1
  003 1  301    1    1    1    1    1    1    1    1
  003 2  302    1    1    1    1    1    1    1    1
  003 3  303    1    1    1    1    1    1    1    1
  003 4  304    1    1    1    1    1    1    1    1
  003 5  305    1    1    1    1    1    1    1    1
  003 6  306    1    1    1    1    1    1    1    1
  003 7  307    1    1    1    1    1    1    1    1
  003 8  308    1    1    1    1    1    1    1    1
  003 9  309    1    1    1    1    1    1    1    1
  00310  310    1    1    1    1    1    1    1    1
  00311  311    1    1    1    1    1    1    1    1
  00312  312    1    1    1    1    1    1    1    1
  00313  313    1    1    1    1    1    1    1    1
  00314  314    1    1    1    1    1    1    1    1
  00315  315    1    1    1    1    1    1    1    1
  00316  316    1    1    1    1    1    1    1    1
  00317  317    1    1    1    1    1    1    1    1
  00318  318    1    1    1    1    1    1    1    1
  00319  319    1    1    1    1    1    1    1    1
  00320  320    1    1    1    1    1    1    1    1
  00321  321    1    1    1    1    1    1    1    1
  00322  322    1    1    1    1    1    1    1    1
  00323  323    1    1    1    1    1    1    1    1
  00324  324    1    1    1    1    1    1    1    1
  00325  325    1    1    1    1    1    1    1    1
  00326  326    1    1    1    1    1    1    1    1
  00327  327    1    1    1    1    1    1    1    1
  00328  328    1    1    1    1    1    1    1    1
 end
  ---> finished reading solute.inp 
